2022-02-15 17:52:10,779 - root - INFO - Flag Values:
{
    "L1_flag": false,
    "batch_size": 512,
    "ckpt_path": "/export/data/RA_Work/LipingWang/joint-kg-recommender_fork/log/",
    "clipping_max_value": 5.0,
    "data_path": "/export/data/RA_Work/LipingWang/joint-kg-recommender_fork/datasets/",
    "dataset": "ml1m",
    "early_stopping_steps_to_wait": 70000,
    "embedding_size": 64,
    "eval_interval_steps": 14000,
    "eval_only_mode": false,
    "experiment_name": "ml1m-jtransup-1644918730",
    "filter_wrong_corrupted": true,
    "has_visualization": false,
    "is_report": false,
    "joint_ratio": 0.5,
    "kg_lambda": 1.0,
    "kg_test_files": "valid.dat:test.dat",
    "l2_lambda": 1e-05,
    "learning_rate": 0.001,
    "learning_rate_decay_when_no_progress": 0.5,
    "load_ckpt_file": null,
    "load_experiment_name": null,
    "log_level": "debug",
    "log_path": "/export/data/RA_Work/LipingWang/joint-kg-recommender_fork/log/",
    "margin": 1.0,
    "max_queue": 10,
    "model_type": "jtransup",
    "momentum": 0.9,
    "negtive_samples": 1,
    "norm_lambda": 1.0,
    "num_preferences": 4,
    "num_processes": 4,
    "optimizer_type": "Adagrad",
    "rec_test_files": "valid.dat:test.dat",
    "seed": 0,
    "share_embeddings": false,
    "topn": 10,
    "training_steps": 1400000,
    "use_st_gumbel": false,
    "visualization_port": 8097
}
